<?xml version="1.0" encoding="UTF-8"?>
<!-- Generated by org.testng.reporters.JUnitXMLReporter -->
<testsuite hostname="DESKTOP-MSUCRPV" name="Test" tests="5" failures="1" timestamp="5 Dec 2019 03:43:10 GMT" time="0.991" errors="0">
  <testcase name="m2" time="0.008" classname="TestngActPack.TestClass1"/>
  <testcase name="m1" time="0.004" classname="TestngActPack.TestClass1"/>
  <testcase name="m3" time="0.014" classname="TestngActPack.TestClass1">
    <skipped/>
  </testcase> <!-- m3 -->
  <testcase name="m3" time="0.002" classname="TestngActPack.TestClass1">
    <skipped/>
  </testcase> <!-- m3 -->
  <testcase name="m3" time="0.002" classname="TestngActPack.TestClass1">
    <failure type="java.lang.AssertionError" message="Failed expected [true] but found [false]">
      <![CDATA[java.lang.AssertionError: Failed expected [true] but found [false]
	at TestngActPack.TestClass1.m3(TestClass1.java:62)
... Removed 27 stack frames]]>
    </failure>
  </testcase> <!-- m3 -->
</testsuite> <!-- Test -->
